Using pre-set license
Built from '2020.2/staging' branch; Version is '2020.2.7f1 (c53830e277f1) revision 12924976'; Using compiler version '192528614'; Build Type 'Release'
OS: 'Windows 10 Pro; OS build 19041.1110; Version 2004; 64bit' Language: 'en' Physical Memory: 8125 MB
BatchMode: 1, IsHumanControllingUs: 0, StartBugReporterOnCrash: 0, Is64bit: 1, IsPro: 0

 COMMAND LINE ARGUMENTS:
D:\2020.2.7f1\Editor\Unity.exe
-adb2
-batchMode
-noUpm
-name
AssetImportWorker1
-projectPath
D:/Unity Project/Mesh Generation Runner
-logFile
Logs/AssetImportWorker1.log
-srvPort
59701
Successfully changed project path to: D:/Unity Project/Mesh Generation Runner
D:/Unity Project/Mesh Generation Runner
Using Asset Import Pipeline V2.
Refreshing native plugins compatible for Editor in 28.05 ms, found 0 plugins.
Preloading 0 native plugins for Editor in 0.00 ms.
Initialize engine version: 2020.2.7f1 (c53830e277f1)
[Subsystems] Discovering subsystems at path D:/2020.2.7f1/Editor/Data/Resources/UnitySubsystems
[Subsystems] Discovering subsystems at path D:/Unity Project/Mesh Generation Runner/Assets
GfxDevice: creating device client; threaded=0
Direct3D:
    Version:  Direct3D 11.0 [level 11.1]
    Renderer: NVIDIA GeForce GTX 1050 Ti (ID=0x1c82)
    Vendor:   
    VRAM:     4018 MB
    Driver:   27.21.14.6109
Initialize mono
Mono path[0] = 'D:/2020.2.7f1/Editor/Data/Managed'
Mono path[1] = 'D:/2020.2.7f1/Editor/Data/MonoBleedingEdge/lib/mono/unityjit'
Mono config path = 'D:/2020.2.7f1/Editor/Data/MonoBleedingEdge/etc'
Using monoOptions --debugger-agent=transport=dt_socket,embedding=1,server=y,suspend=n,address=127.0.0.1:56460
Begin MonoManager ReloadAssembly
Registering precompiled unity dll's ...
Register platform support module: D:/2020.2.7f1/Editor/Data/PlaybackEngines/WebGLSupport/UnityEditor.WebGL.Extensions.dll
Register platform support module: D:/2020.2.7f1/Editor/Data/PlaybackEngines/WindowsStandaloneSupport/UnityEditor.WindowsStandalone.Extensions.dll
Registered in 0.001393 seconds.
Native extension for WindowsStandalone target not found
Native extension for WebGL target not found
Refreshing native plugins compatible for Editor in 26.70 ms, found 0 plugins.
Preloading 0 native plugins for Editor in 0.00 ms.
Invoked RoslynAnalysisRunner static constructor.
RoslynAnalysisRunner will not be running.
RoslynAnalysisRunner has terminated.
Mono: successfully reloaded assembly
- Completed reload, in 16.960 seconds
Platform modules already initialized, skipping
Registering precompiled user dll's ...
Registered in 0.000525 seconds.
Begin MonoManager ReloadAssembly
Native extension for WindowsStandalone target not found
Native extension for WebGL target not found
Refreshing native plugins compatible for Editor in 0.33 ms, found 0 plugins.
Preloading 0 native plugins for Editor in 0.00 ms.
Invoked RoslynAnalysisRunner static constructor.
RoslynAnalysisRunner will not be running.
RoslynAnalysisRunner has terminated.
Mono: successfully reloaded assembly
- Completed reload, in  0.816 seconds
Platform modules already initialized, skipping
========================================================================
Worker process is ready to serve import requests
Launched and connected shader compiler UnityShaderCompiler.exe after 0.15 seconds
Refreshing native plugins compatible for Editor in 0.38 ms, found 0 plugins.
Preloading 0 native plugins for Editor in 0.00 ms.
Unloading 1363 Unused Serialized files (Serialized files now loaded: 0)
System memory in use before: 64.6 MB.
System memory in use after: 64.7 MB.

Unloading 23 unused Assets to reduce memory usage. Loaded Objects now: 1793.
Total: 2.410000 ms (FindLiveObjects: 0.209800 ms CreateObjectMapping: 0.080600 ms MarkObjects: 2.032100 ms  DeleteObjects: 0.086200 ms)

========================================================================
Received Import Request.
  path: Assets/Materials/floor phys.physicMaterial
  artifactKey: Guid(2cc4bb6985b74c14b9ac1286e94a3a61) Importer(815301076,1909f56bfc062723c751e8b465ee728b)
Start importing Assets/Materials/floor phys.physicMaterial using Guid(2cc4bb6985b74c14b9ac1286e94a3a61) Importer(815301076,1909f56bfc062723c751e8b465ee728b)  -> (artifact id: '64793f332ac38ecc13402e69428d001f') in 0.069155 seconds
  Import took 0.124823 seconds .

========================================================================
Received Prepare
Registering precompiled user dll's ...
Registered in 0.000545 seconds.
Begin MonoManager ReloadAssembly
Native extension for WindowsStandalone target not found
Native extension for WebGL target not found
Refreshing native plugins compatible for Editor in 0.43 ms, found 0 plugins.
Preloading 0 native plugins for Editor in 0.00 ms.
Invoked RoslynAnalysisRunner static constructor.
RoslynAnalysisRunner will not be running.
RoslynAnalysisRunner has terminated.
Mono: successfully reloaded assembly
- Completed reload, in  0.750 seconds
Platform modules already initialized, skipping
Switching build target platform(5) subTarget(0) extendedPlatform(0) -> platform(13) subTarget(537395200) extendedPlatform(0)
Refreshing native plugins compatible for Editor in 0.33 ms, found 0 plugins.
Preloading 0 native plugins for Editor in 0.00 ms.
Unloading 1360 Unused Serialized files (Serialized files now loaded: 0)
System memory in use before: 64.5 MB.
System memory in use after: 64.6 MB.

Unloading 18 unused Assets to reduce memory usage. Loaded Objects now: 1797.
Total: 1.705700 ms (FindLiveObjects: 0.165100 ms CreateObjectMapping: 0.056600 ms MarkObjects: 1.465100 ms  DeleteObjects: 0.017500 ms)

AssetImportParameters requested are different than current active one (requested -> active):
  custom:graphics/normal-map-encoding: 01000000000000000000000000000000 -> 02000000000000000000000000000000
========================================================================
Received Prepare
Registering precompiled user dll's ...
Registered in 0.000584 seconds.
Begin MonoManager ReloadAssembly
Native extension for WindowsStandalone target not found
Native extension for WebGL target not found
Refreshing native plugins compatible for Editor in 0.33 ms, found 0 plugins.
Preloading 0 native plugins for Editor in 0.00 ms.
Invoked RoslynAnalysisRunner static constructor.
RoslynAnalysisRunner will not be running.
RoslynAnalysisRunner has terminated.
Mono: successfully reloaded assembly
- Completed reload, in  0.716 seconds
Platform modules already initialized, skipping
Switching build target platform(5) subTarget(0) extendedPlatform(0) -> platform(13) subTarget(537395200) extendedPlatform(0)
Refreshing native plugins compatible for Editor in 0.36 ms, found 0 plugins.
Preloading 0 native plugins for Editor in 0.00 ms.
Unloading 1359 Unused Serialized files (Serialized files now loaded: 0)
System memory in use before: 64.5 MB.
System memory in use after: 64.6 MB.

Unloading 18 unused Assets to reduce memory usage. Loaded Objects now: 1800.
Total: 1.834000 ms (FindLiveObjects: 0.174700 ms CreateObjectMapping: 0.049100 ms MarkObjects: 1.592000 ms  DeleteObjects: 0.017000 ms)

AssetImportParameters requested are different than current active one (requested -> active):
  custom:graphics/normal-map-encoding: 01000000000000000000000000000000 -> 02000000000000000000000000000000
========================================================================
Received Import Request.
  Time since last request: 183.605737 seconds.
  path: Assets/Materials/New Physic Material.physicMaterial
  artifactKey: Guid(ee1b7ecde2052cd4fa002970e180e336) Importer(815301076,1909f56bfc062723c751e8b465ee728b)
Start importing Assets/Materials/New Physic Material.physicMaterial using Guid(ee1b7ecde2052cd4fa002970e180e336) Importer(815301076,1909f56bfc062723c751e8b465ee728b)  -> (artifact id: '7a94ba35a53777b469b7f7acdfcb060f') in 0.016242 seconds
  Import took 0.018338 seconds .

========================================================================
Received Prepare
Registering precompiled user dll's ...
Registered in 0.000642 seconds.
Begin MonoManager ReloadAssembly
Native extension for WindowsStandalone target not found
Native extension for WebGL target not found
Refreshing native plugins compatible for Editor in 0.33 ms, found 0 plugins.
Preloading 0 native plugins for Editor in 0.00 ms.
Invoked RoslynAnalysisRunner static constructor.
RoslynAnalysisRunner will not be running.
RoslynAnalysisRunner has terminated.
Mono: successfully reloaded assembly
- Completed reload, in  0.739 seconds
Platform modules already initialized, skipping
Switching build target platform(5) subTarget(0) extendedPlatform(0) -> platform(13) subTarget(537395200) extendedPlatform(0)
Refreshing native plugins compatible for Editor in 0.33 ms, found 0 plugins.
Preloading 0 native plugins for Editor in 0.00 ms.
Unloading 1359 Unused Serialized files (Serialized files now loaded: 0)
System memory in use before: 64.5 MB.
System memory in use after: 64.6 MB.

Unloading 18 unused Assets to reduce memory usage. Loaded Objects now: 1803.
Total: 1.697200 ms (FindLiveObjects: 0.154500 ms CreateObjectMapping: 0.039700 ms MarkObjects: 1.483900 ms  DeleteObjects: 0.018100 ms)

AssetImportParameters requested are different than current active one (requested -> active):
  custom:graphics/normal-map-encoding: 01000000000000000000000000000000 -> 02000000000000000000000000000000
========================================================================
Received Import Request.
  Time since last request: 69.654381 seconds.
  path: Assets/Materials/New Physic Material.physicMaterial
  artifactKey: Guid(ee1b7ecde2052cd4fa002970e180e336) Importer(815301076,1909f56bfc062723c751e8b465ee728b)
Start importing Assets/Materials/New Physic Material.physicMaterial using Guid(ee1b7ecde2052cd4fa002970e180e336) Importer(815301076,1909f56bfc062723c751e8b465ee728b)  -> (artifact id: '2e8dc6f28a247f867ca681c0a71394f2') in 0.009024 seconds
  Import took 0.011040 seconds .

========================================================================
Received Import Request.
  Time since last request: 35.372645 seconds.
  path: Assets/Materials/Shoe.physicMaterial
  artifactKey: Guid(ee1b7ecde2052cd4fa002970e180e336) Importer(815301076,1909f56bfc062723c751e8b465ee728b)
Start importing Assets/Materials/Shoe.physicMaterial using Guid(ee1b7ecde2052cd4fa002970e180e336) Importer(815301076,1909f56bfc062723c751e8b465ee728b)  -> (artifact id: '62624f5a8a806ac17c6f999db4632021') in 0.007640 seconds
  Import took 0.021291 seconds .

========================================================================
Received Import Request.
  Time since last request: 0.001024 seconds.
  path: Assets/Materials/Shoe.physicMaterial
  artifactKey: Guid(ee1b7ecde2052cd4fa002970e180e336) Importer(815301076,1909f56bfc062723c751e8b465ee728b)
Start importing Assets/Materials/Shoe.physicMaterial using Guid(ee1b7ecde2052cd4fa002970e180e336) Importer(815301076,1909f56bfc062723c751e8b465ee728b)  -> (artifact id: '62624f5a8a806ac17c6f999db4632021') in 0.003187 seconds
  Import took 0.005321 seconds .

========================================================================
Received Import Request.
  Time since last request: 21.136902 seconds.
  path: Assets/Materials/Shoe.physicMaterial
  artifactKey: Guid(ee1b7ecde2052cd4fa002970e180e336) Importer(815301076,1909f56bfc062723c751e8b465ee728b)
Start importing Assets/Materials/Shoe.physicMaterial using Guid(ee1b7ecde2052cd4fa002970e180e336) Importer(815301076,1909f56bfc062723c751e8b465ee728b)  -> (artifact id: '50857016e1df11127d678ea012fc6007') in 0.002718 seconds
  Import took 0.018906 seconds .

========================================================================
Received Prepare
Refreshing native plugins compatible for Editor in 2.87 ms, found 0 plugins.
Preloading 0 native plugins for Editor in 0.00 ms.
Unloading 15 Unused Serialized files (Serialized files now loaded: 0)
System memory in use before: 37.9 MB.
System memory in use after: 38.0 MB.

Unloading 15 unused Assets to reduce memory usage. Loaded Objects now: 1803.
Total: 2.627300 ms (FindLiveObjects: 0.214100 ms CreateObjectMapping: 0.042000 ms MarkObjects: 2.349800 ms  DeleteObjects: 0.019700 ms)

========================================================================
Received Prepare
Registering precompiled user dll's ...
Registered in 0.000549 seconds.
Begin MonoManager ReloadAssembly
Native extension for WindowsStandalone target not found
Native extension for WebGL target not found
Refreshing native plugins compatible for Editor in 0.33 ms, found 0 plugins.
Preloading 0 native plugins for Editor in 0.00 ms.
Invoked RoslynAnalysisRunner static constructor.
RoslynAnalysisRunner will not be running.
RoslynAnalysisRunner has terminated.
Mono: successfully reloaded assembly
- Completed reload, in  0.794 seconds
Platform modules already initialized, skipping
Switching build target platform(5) subTarget(0) extendedPlatform(0) -> platform(13) subTarget(537395200) extendedPlatform(0)
Refreshing native plugins compatible for Editor in 0.42 ms, found 0 plugins.
Preloading 0 native plugins for Editor in 0.00 ms.
Unloading 1359 Unused Serialized files (Serialized files now loaded: 0)
System memory in use before: 64.5 MB.
System memory in use after: 64.6 MB.

Unloading 18 unused Assets to reduce memory usage. Loaded Objects now: 1806.
Total: 2.049800 ms (FindLiveObjects: 0.236800 ms CreateObjectMapping: 0.071200 ms MarkObjects: 1.718800 ms  DeleteObjects: 0.021700 ms)

AssetImportParameters requested are different than current active one (requested -> active):
  custom:graphics/normal-map-encoding: 01000000000000000000000000000000 -> 02000000000000000000000000000000
========================================================================
Received Prepare
Registering precompiled user dll's ...
Registered in 0.000745 seconds.
Begin MonoManager ReloadAssembly
Native extension for WindowsStandalone target not found
Native extension for WebGL target not found
Refreshing native plugins compatible for Editor in 0.33 ms, found 0 plugins.
Preloading 0 native plugins for Editor in 0.00 ms.
Invoked RoslynAnalysisRunner static constructor.
RoslynAnalysisRunner will not be running.
RoslynAnalysisRunner has terminated.
Mono: successfully reloaded assembly
- Completed reload, in  0.742 seconds
Platform modules already initialized, skipping
Switching build target platform(5) subTarget(0) extendedPlatform(0) -> platform(13) subTarget(537395200) extendedPlatform(0)
Refreshing native plugins compatible for Editor in 0.35 ms, found 0 plugins.
Preloading 0 native plugins for Editor in 0.00 ms.
Unloading 1359 Unused Serialized files (Serialized files now loaded: 0)
System memory in use before: 64.5 MB.
System memory in use after: 64.6 MB.

Unloading 18 unused Assets to reduce memory usage. Loaded Objects now: 1809.
Total: 2.271300 ms (FindLiveObjects: 0.208000 ms CreateObjectMapping: 0.065700 ms MarkObjects: 1.960800 ms  DeleteObjects: 0.035200 ms)

AssetImportParameters requested are different than current active one (requested -> active):
  custom:graphics/normal-map-encoding: 01000000000000000000000000000000 -> 02000000000000000000000000000000
========================================================================
Received Prepare
Refreshing native plugins compatible for Editor in 2.67 ms, found 0 plugins.
Preloading 0 native plugins for Editor in 0.00 ms.
Unloading 15 Unused Serialized files (Serialized files now loaded: 0)
System memory in use before: 37.9 MB.
System memory in use after: 38.0 MB.

Unloading 15 unused Assets to reduce memory usage. Loaded Objects now: 1809.
Total: 2.961900 ms (FindLiveObjects: 0.282900 ms CreateObjectMapping: 0.094300 ms MarkObjects: 2.553400 ms  DeleteObjects: 0.029000 ms)

========================================================================
Received Prepare
Registering precompiled user dll's ...
Registered in 0.000528 seconds.
Begin MonoManager ReloadAssembly
Native extension for WindowsStandalone target not found
Native extension for WebGL target not found
Refreshing native plugins compatible for Editor in 0.33 ms, found 0 plugins.
Preloading 0 native plugins for Editor in 0.00 ms.
Invoked RoslynAnalysisRunner static constructor.
RoslynAnalysisRunner will not be running.
RoslynAnalysisRunner has terminated.
Mono: successfully reloaded assembly
- Completed reload, in  0.821 seconds
Platform modules already initialized, skipping
Switching build target platform(5) subTarget(0) extendedPlatform(0) -> platform(13) subTarget(537395200) extendedPlatform(0)
Refreshing native plugins compatible for Editor in 0.33 ms, found 0 plugins.
Preloading 0 native plugins for Editor in 0.00 ms.
Unloading 1359 Unused Serialized files (Serialized files now loaded: 0)
System memory in use before: 64.5 MB.
System memory in use after: 64.6 MB.

Unloading 18 unused Assets to reduce memory usage. Loaded Objects now: 1812.
Total: 2.211000 ms (FindLiveObjects: 0.161000 ms CreateObjectMapping: 0.058800 ms MarkObjects: 1.968700 ms  DeleteObjects: 0.020700 ms)

AssetImportParameters requested are different than current active one (requested -> active):
  custom:graphics/normal-map-encoding: 01000000000000000000000000000000 -> 02000000000000000000000000000000
========================================================================
Received Prepare
Refreshing native plugins compatible for Editor in 3.24 ms, found 0 plugins.
Preloading 0 native plugins for Editor in 0.00 ms.
Unloading 15 Unused Serialized files (Serialized files now loaded: 0)
System memory in use before: 37.9 MB.
System memory in use after: 38.0 MB.

Unloading 15 unused Assets to reduce memory usage. Loaded Objects now: 1812.
Total: 2.752900 ms (FindLiveObjects: 0.228200 ms CreateObjectMapping: 0.066700 ms MarkObjects: 2.413100 ms  DeleteObjects: 0.042400 ms)

========================================================================
Received Import Request.
  Time since last request: 1926.220708 seconds.
  path: Assets/Materials/Shoe.physicMaterial
  artifactKey: Guid(ee1b7ecde2052cd4fa002970e180e336) Importer(815301076,1909f56bfc062723c751e8b465ee728b)
Start importing Assets/Materials/Shoe.physicMaterial using Guid(ee1b7ecde2052cd4fa002970e180e336) Importer(815301076,1909f56bfc062723c751e8b465ee728b)  -> (artifact id: 'e512fba54c1c897516210ad543aab481') in 0.012681 seconds
  Import took 0.015232 seconds .

========================================================================
Received Import Request.
  Time since last request: 1.615773 seconds.
  path: Assets/Materials/Shoe.physicMaterial
  artifactKey: Guid(ee1b7ecde2052cd4fa002970e180e336) Importer(815301076,1909f56bfc062723c751e8b465ee728b)
Start importing Assets/Materials/Shoe.physicMaterial using Guid(ee1b7ecde2052cd4fa002970e180e336) Importer(815301076,1909f56bfc062723c751e8b465ee728b)  -> (artifact id: 'e512fba54c1c897516210ad543aab481') in 0.004569 seconds
  Import took 0.007468 seconds .

========================================================================
Received Import Request.
  Time since last request: 95.562434 seconds.
  path: Assets/Resources/Prefabs/MGModel.prefab
  artifactKey: Guid(696f7e1f08c6de8499eed43ed5adbb06) Importer(815301076,1909f56bfc062723c751e8b465ee728b)
Start importing Assets/Resources/Prefabs/MGModel.prefab using Guid(696f7e1f08c6de8499eed43ed5adbb06) Importer(815301076,1909f56bfc062723c751e8b465ee728b)  -> (artifact id: '74d490fab1122fae5d82a50ab327c1e9') in 0.017845 seconds
  Import took 0.035649 seconds .

========================================================================
Received Import Request.
  Time since last request: 3.816198 seconds.
  path: Assets/Resources/Prefabs/MGModel.prefab
  artifactKey: Guid(696f7e1f08c6de8499eed43ed5adbb06) Importer(815301076,1909f56bfc062723c751e8b465ee728b)
Start importing Assets/Resources/Prefabs/MGModel.prefab using Guid(696f7e1f08c6de8499eed43ed5adbb06) Importer(815301076,1909f56bfc062723c751e8b465ee728b)  -> (artifact id: '1d6502e9096e88fd3a410151a786975f') in 0.003793 seconds
  Import took 0.006563 seconds .

========================================================================
Received Prepare
Registering precompiled user dll's ...
Registered in 0.000616 seconds.
Begin MonoManager ReloadAssembly
Native extension for WindowsStandalone target not found
Native extension for WebGL target not found
Refreshing native plugins compatible for Editor in 0.34 ms, found 0 plugins.
Preloading 0 native plugins for Editor in 0.00 ms.
Invoked RoslynAnalysisRunner static constructor.
RoslynAnalysisRunner will not be running.
RoslynAnalysisRunner has terminated.
Mono: successfully reloaded assembly
- Completed reload, in  1.145 seconds
Platform modules already initialized, skipping
Switching build target platform(5) subTarget(0) extendedPlatform(0) -> platform(13) subTarget(537395200) extendedPlatform(0)
Refreshing native plugins compatible for Editor in 0.34 ms, found 0 plugins.
Preloading 0 native plugins for Editor in 0.00 ms.
Unloading 1359 Unused Serialized files (Serialized files now loaded: 0)
System memory in use before: 64.6 MB.
System memory in use after: 64.7 MB.

Unloading 18 unused Assets to reduce memory usage. Loaded Objects now: 1815.
Total: 1.883500 ms (FindLiveObjects: 0.172500 ms CreateObjectMapping: 0.049000 ms MarkObjects: 1.638500 ms  DeleteObjects: 0.022300 ms)

AssetImportParameters requested are different than current active one (requested -> active):
  custom:graphics/normal-map-encoding: 01000000000000000000000000000000 -> 02000000000000000000000000000000
========================================================================
Received Prepare
Refreshing native plugins compatible for Editor in 2.72 ms, found 0 plugins.
Preloading 0 native plugins for Editor in 0.00 ms.
Unloading 15 Unused Serialized files (Serialized files now loaded: 0)
System memory in use before: 38.0 MB.
System memory in use after: 38.1 MB.

Unloading 15 unused Assets to reduce memory usage. Loaded Objects now: 1815.
Total: 2.275100 ms (FindLiveObjects: 0.243100 ms CreateObjectMapping: 0.088700 ms MarkObjects: 1.899900 ms  DeleteObjects: 0.042400 ms)

AssetImportWorkerClient::OnTransportError - code=2 error=End of file
